2023.05.05 13:02:22 INFO  Started: Metals version 0.11.12 in workspace 'D:\Github\HTML_testing' for client Visual Studio Code 1.77.3.
maj 05, 2023 1:02:23 EM org.flywaydb.core.internal.license.VersionPrinter printVersionOnly
INFO: Flyway Community Edition 9.16.3 by Redgate
maj 05, 2023 1:02:23 EM org.flywaydb.core.internal.license.VersionPrinter printVersion
INFO: See release notes here: https://rd.gt/416ObMi
maj 05, 2023 1:02:23 EM org.flywaydb.core.internal.license.VersionPrinter printVersion
INFO: 
maj 05, 2023 1:02:23 EM org.flywaydb.core.internal.database.base.BaseDatabaseType createDatabase
INFO: Database: jdbc:h2:file:D:\Github\HTML_testing\.metals\metals (H2 2.1)
maj 05, 2023 1:02:23 EM org.flywaydb.core.internal.schemahistory.JdbcTableSchemaHistory allAppliedMigrations
INFO: Schema history table "PUBLIC"."flyway_schema_history" does not exist yet
maj 05, 2023 1:02:23 EM org.flywaydb.core.internal.command.DbValidate validate
INFO: Successfully validated 4 migrations (execution time 00:00.020s)
maj 05, 2023 1:02:23 EM org.flywaydb.core.internal.schemahistory.JdbcTableSchemaHistory create
INFO: Creating Schema History table "PUBLIC"."flyway_schema_history" ...
maj 05, 2023 1:02:23 EM org.flywaydb.core.internal.command.DbMigrate migrateGroup
INFO: Current version of schema "PUBLIC": << Empty Schema >>
maj 05, 2023 1:02:23 EM org.flywaydb.core.internal.command.DbMigrate doMigrateGroup
INFO: Migrating schema "PUBLIC" to version "1 - Create tables"
maj 05, 2023 1:02:23 EM org.flywaydb.core.internal.command.DbMigrate doMigrateGroup
INFO: Migrating schema "PUBLIC" to version "2 - Server discovery"
maj 05, 2023 1:02:23 EM org.flywaydb.core.internal.command.DbMigrate doMigrateGroup
INFO: Migrating schema "PUBLIC" to version "3 - Jar symbols"
maj 05, 2023 1:02:23 EM org.flywaydb.core.internal.command.DbMigrate doMigrateGroup
INFO: Migrating schema "PUBLIC" to version "4 - Fingerprints"
maj 05, 2023 1:02:23 EM org.flywaydb.core.internal.command.DbMigrate logSummary
INFO: Successfully applied 4 migrations to schema "PUBLIC", now at version v4 (execution time 00:00.044s)
2023.05.05 13:02:24 INFO  time: initialize in 0.97s
2023.05.05 13:02:24 WARN  Build server is not auto-connectable.
2023.05.05 13:02:24 WARN  no build tool detected in workspace 'D:\Github\HTML_testing'. The most common cause for this problem is that the editor was opened in the wrong working directory, for example if you use sbt then the workspace directory should contain build.sbt. 
maj 05, 2023 1:06:43 EM org.eclipse.lsp4j.jsonrpc.services.GenericEndpoint notify
INFO: Unsupported notification method: $/setTrace
maj 05, 2023 1:08:51 EM org.eclipse.lsp4j.jsonrpc.services.GenericEndpoint notify
INFO: Unsupported notification method: $/setTrace
maj 05, 2023 1:11:40 EM org.eclipse.lsp4j.jsonrpc.services.GenericEndpoint notify
INFO: Unsupported notification method: $/setTrace
maj 05, 2023 1:11:46 EM org.eclipse.lsp4j.jsonrpc.services.GenericEndpoint notify
INFO: Unsupported notification method: $/setTrace
maj 05, 2023 1:12:26 EM org.eclipse.lsp4j.jsonrpc.services.GenericEndpoint notify
INFO: Unsupported notification method: $/setTrace
maj 05, 2023 1:12:56 EM org.eclipse.lsp4j.jsonrpc.services.GenericEndpoint notify
INFO: Unsupported notification method: $/setTrace
maj 05, 2023 2:30:12 EM org.eclipse.lsp4j.jsonrpc.services.GenericEndpoint notify
INFO: Unsupported notification method: $/setTrace
2023.05.05 14:54:46 INFO  Shutting down server
2023.05.05 14:54:46 INFO  shutting down Metals
2023.05.05 14:54:46 INFO  Exiting server
